[debug] [2021-04-27T18:39:37.591Z] ----------------------------------------------------------------------
[debug] [2021-04-27T18:39:37.594Z] Command:       c:\program files\nodejs\node.exe C:\Users\decli\AppData\Roaming\npm\node_modules\firebase-tools\lib\bin\firebase.js init
[debug] [2021-04-27T18:39:37.594Z] CLI Version:   9.2.1
[debug] [2021-04-27T18:39:37.594Z] Platform:      win32
[debug] [2021-04-27T18:39:37.595Z] Node Version:  v14.15.1
[debug] [2021-04-27T18:39:37.598Z] Time:          Tue Apr 27 2021 20:39:37 GMT+0200 (heure d’été d’Europe centrale)
[debug] [2021-04-27T18:39:37.599Z] ----------------------------------------------------------------------
[debug] [2021-04-27T18:39:37.599Z] 
[debug] [2021-04-27T18:39:37.601Z] >>> [apiv2][query] GET https://firebase-public.firebaseio.com/cli.json [none]
[debug] [2021-04-27T18:39:37.623Z] > command requires scopes: ["email","openid","https://www.googleapis.com/auth/cloudplatformprojects.readonly","https://www.googleapis.com/auth/firebase","https://www.googleapis.com/auth/cloud-platform"]
[debug] [2021-04-27T18:39:37.624Z] > authorizing via signed-in user
[info] 
     ######## #### ########  ######## ########     ###     ######  ########
     ##        ##  ##     ## ##       ##     ##  ##   ##  ##       ##
     ######    ##  ########  ######   ########  #########  ######  ######
     ##        ##  ##    ##  ##       ##     ## ##     ##       ## ##
     ##       #### ##     ## ######## ########  ##     ##  ######  ########

You're about to initialize a Firebase project in this directory:

  C:\Users\decli\Desktop\projects\JAVASCRIPT Language Projects\React_projects\firebase-auth

[debug] [2021-04-27T18:39:38.378Z] <<< [apiv2][status] GET https://firebase-public.firebaseio.com/cli.json 200
[debug] [2021-04-27T18:39:38.379Z] <<< [apiv2][body] GET https://firebase-public.firebaseio.com/cli.json {"cloudBuildErrorAfter":1594252800000,"cloudBuildWarnAfter":1590019200000,"defaultNode10After":1594252800000,"minVersion":"3.0.5","node8DeploysDisabledAfter":1613390400000,"node8RuntimeDisabledAfter":1615809600000,"node8WarnAfter":1600128000000}
